<?xml version="1.0" encoding="UTF-8"?>
<testng-results skipped="0" failed="0" ignored="0" total="1" passed="1">
  <reporter-output>
  </reporter-output>
  <suite name="Suite" duration-ms="32" started-at="2019-04-29T12:24:55Z" finished-at="2019-04-29T12:24:55Z">
    <groups>
    </groups>
    <test name="Test" duration-ms="32" started-at="2019-04-29T12:24:55Z" finished-at="2019-04-29T12:24:55Z">
      <class name="hello1.hello2">
        <test-method status="PASS" signature="t1()[pri:0, instance:hello1.hello2@4f4a7090]" name="t1" duration-ms="0" started-at="2019-04-29T12:24:55Z" finished-at="2019-04-29T12:24:55Z">
          <reporter-output>
          </reporter-output>
        </test-method> <!-- t1 -->
      </class> <!-- hello1.hello2 -->
    </test> <!-- Test -->
  </suite> <!-- Suite -->
</testng-results>
